sudo cat /var/log/mysql/queries.log
/usr/sbin/mysqld, Version: 5.7.17-0ubuntu0.16.10.1-log ((Ubuntu)). started with:
Tcp port: 3306  Unix socket: /var/run/mysqld/mysqld.sock
Time                 Id Command    Argument
2017-04-04T16:18:53.946682Z	   1 Query	SELECT DATABASE()
2017-04-04T16:18:53.947661Z	   1 Init DB	mysql
2017-04-04T16:20:07.259421Z	   1 Query	SHOW VARIABLES LIKE 'general_log%'
2017-04-04T16:28:09.206765Z	   1 Query	CREATE USER 'super'@'localhost' IDENTIFIED WITH 'mysql_native_password' AS '<secret>'
2017-04-04T16:28:36.563671Z	   1 Query	SHOW GRANTS FOR super@localhost
2017-04-04T16:35:06.905632Z	   1 Query	CREATE USER 'dbadmin'@'localhost' IDENTIFIED WITH 'mysql_native_password' AS '<secret>'
2017-04-04T16:35:37.185523Z	   1 Query	SHOW GRANTS FOR dbadmin@localhost
2017-04-04T16:35:44.689159Z	   1 Query	CREATE USER 'superadmin'@'%' IDENTIFIED WITH 'mysql_native_password' AS '<secret>'
2017-04-04T16:35:51.353645Z	   1 Query	CREATE USER 'mysqladmin'@'%.mysqltutorial.org' IDENTIFIED WITH 'mysql_native_password' AS '<secret>'
2017-04-04T16:35:58.006237Z	   1 Query	CREATE USER remote
2017-04-04T16:35:44.089501Z	   1 Query	SHOW GRANTS FOR remote
2017-04-04T16:35:50.824669Z	   1 Query	CREATE USER 'api@localhost'
2017-04-04T16:35:57.235136Z	   1 Query	SHOW GRANTS FOR 'api@localhost'
2017-04-04T16:36:04.769257Z	   1 Query	CREATE USER remote
2017-04-04T16:38:44.910902Z	   1 Query	SELECT DATABASE()
2017-04-04T16:38:44.911905Z	   1 Init DB	mysql
2017-04-04T16:38:44.951700Z	   1 Query	UPDATE user SET password = PASSWORD('dolphin') WHERE user = 'dbadmin' AND host = 'localhost'
2017-04-04T16:38:46.913803Z	   1 Query	FLUSH PRIVILEGES
2017-04-04T16:38:54.799251Z	   1 Query	SELECT DATABASE()
2017-04-04T16:38:54.799251Z	   1 Init DB	mysql
2017-04-04T16:38:54.803378Z	   1 Query	UPDATE user  SET authentication_string = PASSWORD('dolphin') WHERE user = 'dbadmin' AND host = 'localhost'
2017-04-04T16:38:55.679476Z	   1 Query	FLUSH PRIVILEGES
2017-04-04T16:38:43.991872Z	   1 Query	SET PASSWORD FOR `dbadmin`@`localhost`=<secret>
2017-04-04T16:39:00.009943Z	   1 Query	ALTER USER 'dbadmin'@'localhost' IDENTIFIED WITH 'mysql_native_password' AS '<secret>'
2017-04-04T16:40:01.191863Z	   1 Query	CREATE USER 'super'@'localhost' IDENTIFIED WITH 'mysql_native_password' AS '<secret>'
2017-04-04T16:40:31.624239Z	   1 Query	SHOW GRANTS FOR super@localhost
2017-04-04T16:40:39.823632Z	   1 Query	GRANT ALL ON *.* TO 'super'@'localhost' WITH GRANT OPTION
2017-04-04T16:40:46.538194Z	   1 Query	SHOW GRANTS FOR super@localhost
2017-04-04T16:40:56.823859Z	   1 Query	CREATE USER 'auditor'@'localhost' IDENTIFIED WITH 'mysql_native_password' AS '<secret>'
2017-04-04T16:40:43.091548Z	   1 Query	GRANT ALL ON classicmodels.* TO auditor@localhost
2017-04-04T16:40:50.096478Z	   1 Query	CREATE USER 'rfc'@'%' IDENTIFIED WITH 'mysql_native_password' AS '<secret>'
2017-04-04T16:40:56.806828Z	   1 Query	GRANT SELECT, UPDATE, DELETE ON classicmodels.* TO rfc
2017-04-04T16:41:03.789186Z	   1 Query	CREATE TABLE city( id INT PRIMARY KEY AUTO_INCREMENT, name VARCHAR(255))
2017-04-04T16:41:47.312411Z	   1 Query	SHOW GRANTS FOR user
2017-04-04T16:41:57.950359Z	   1 Query	GRANT SELECT, UPDATE, DELETE ON  classicmodels.* TO rfc
2017-04-04T16:41:44.596052Z	   1 Query	REVOKE UPDATE, DELETE ON classicmodels.*  FROM rfc
2017-04-04T16:41:51.808834Z	   1 Query	SHOW GRANTS FOR 'rfc'@'localhost'
2017-04-04T16:41:59.437518Z	   1 Query	REVOKE ALL PRIVILEGES, GRANT OPTION FROM rfc
2017-04-04T16:42:58.531625Z	   1 Query	SHOW GRANTS FOR 'rfc'@'localhost'
2017-04-04T16:42:44.662201Z	   1 Query	SHOW GRANTS FOR rfc
2017-04-04T16:43:01.488184Z	   1 Query	CREATE DATABASE crm
2017-04-04T16:43:07.805993Z	   1 Query	SELECT DATABASE()
2017-04-04T16:43:07.807000Z	   1 Init DB	crm
2017-04-04T16:43:35.178826Z	   1 Query	CREATE TABLE customer(id INT PRIMARY KEY AUTO_INCREMENT, first_name varchar(255) NOT NULL, last_name VARCHAR(255) NOT NULL, phone VARCHAR(15) NOT NULL, email VARCHAR(255))
2017-04-04T16:43:44.847079Z	   1 Query	INSERT INTO customer(first_name,last_name,phone,email) VALUES('John','Doe','(408)-987-7654','john.doe@mysqltutorial.org'),('Lily','Bush','(408)-987-7985','lily.bush@mysqltutorial.org')
2017-04-04T16:44:07.078215Z	   1 Query	GRANT ALL ON crm.* TO crm_dev
2017-04-04T16:44:36.438483Z	   1 Query	GRANT SELECT ON crm.* TO crm_read
2017-04-04T16:44:55.896996Z	   1 Query	GRANT INSERT, UPDATE, DELETE ON crm.* TO crm_write
2017-04-04T16:45:05.134248Z	   1 Query	CREATE USER 'crm_dev1'@'localhost' IDENTIFIED WITH 'mysql_native_password' AS '<secret>'
2017-04-04T16:45:05.137250Z	   1 Query	CREATE USER 'crm_read1'@'localhost' IDENTIFIED WITH 'mysql_native_password' AS '<secret>'
2017-04-04T16:45:05.140252Z	   1 Query	CREATE USER 'crm_write1'@'localhost' IDENTIFIED WITH 'mysql_native_password' AS '<secret>'
2017-04-04T16:45:05.690842Z    1 Query CREATE USER 'crm_write2'@'localhost' IDENTIFIED WITH 'mysql_native_password' AS '<secret>'
2017-04-04T16:45:30.697842Z    1 Query CREATE USER 'crm_write3'@'localhost' IDENTIFIED WITH 'mysql_native_password' AS '<secret>'
2017-04-04T16:45:55.643002Z	   1 Query	SHOW GRANTS FOR crm_dev1@localhost
2017-04-04T16:47:05.389586Z	   1 Query	REVOKE INSERT, UPDATE, DELETE ON crm.* FROM crm_write
2017-04-04T16:47:41.291702Z	   1 Query	SELECT user, host FROM mysql.user
2017-04-04T16:47:49.148328Z	   1 Query	DROP USER dbadmin@mysqltutorial.org
2017-04-04T16:47:57.065120Z	   1 Query	SELECT user, host FROM mysql.user
2017-04-04T16:47:45.876681Z	   1 Query	SELECT user, host FROM mysql.user
2017-04-04T16:49:09.172758Z	   1 Query	ANALYZE TABLE payments
2017-04-04T16:49:35.166148Z	   1 Query	ANALYZE TABLE payments
2017-04-04T16:49:41.874299Z	   1 Query	OPTIMIZE TABLE table_name
2017-04-04T16:49:49.595459Z	   1 Query	OPTIMIZE TABLE orders
2017-04-04T16:49:55.869178Z	   1 Query	CHECK TABLE table_name
2017-04-04T16:49:43.066951Z	   1 Query	CHECK TABLE orders
2017-04-04T16:49:51.520362Z	   1 Query	REPAIR TABLE table_name
2017-04-04T16:49:58.182738Z	   1 Query	REPAIR TABLE employees
2017-04-04T16:51:44.309489Z	   1 Query	SHOW SCHEMAS
2017-04-04T16:52:00.892116Z	   1 Query	SELECT schema_name FROM information_schema.schemata
2017-04-04T16:52:47.094954Z	   1 Query	SHOW FULL TABLES
2017-04-04T16:52:53.820219Z	   1 Query	CREATE VIEW contacts AS SELECT lastName, firstName, extension as phone FROM employees UNION SELECT contactFirstName, contactLastName, phone FROM customers
2017-04-04T16:52:49.327595Z	   1 Query	SHOW TABLES WHERE expression
2017-04-04T16:52:58.796548Z	   1 Query	SHOW TABLES IN mysql LIKE 'time%'
2017-04-04T16:53:36.113618Z	   1 Query	DESC orders
2017-04-04T16:53:49.077488Z	   1 Query	SHOW COLUMNS FROM table_name
2017-04-04T16:53:58.112263Z	   1 Query	SHOW COLUMNS FROM database_name.table_name
2017-04-04T16:53:44.380485Z	   1 Query	SHOW COLUMNS FROM orders
2017-04-04T16:55:50.023723Z	   1 Query	SELECT DATABASE()
2017-04-04T16:56:33.736142Z	   1 Query	SHOW COLUMNS FROM table_name WHERE expression
2017-04-04T16:56:48.313746Z	   1 Quit	